# JRE version: Java(TM) SE Runtime Environment (8.0_151-b12) (build 1.8.0_151-b12)
# Java VM: Java HotSpot(TM) 64-Bit Server VM (25.151-b12 mixed mode windows-amd64 compressed oops)
Heap:
 PSYoungGen      total 229888K, used 137485K [0x00000000eac00000, 0x00000000fa700000, 0x0000000100000000)
  eden space 206336K, 66% used [0x00000000eac00000,0x00000000f32434b8,0x00000000f7580000)
  from space 23552K, 0% used [0x00000000f7580000,0x00000000f7580000,0x00000000f8c80000)
  to   space 23040K, 0% used [0x00000000f8c80000,0x00000000f8c80000,0x00000000fa300000)
 ParOldGen       total 221184K, used 108532K [0x00000000c0400000, 0x00000000cdc00000, 0x00000000eac00000)
  object space 221184K, 49% used [0x00000000c0400000,0x00000000c6dfd388,0x00000000cdc00000)
 Metaspace       used 13405K, capacity 13642K, committed 13824K, reserved 1060864K
  class space    used 1601K, capacity 1682K, committed 1792K, reserved 1048576K
GC Heap History (10 events):
Event: 844.045 GC heap before
{Heap before GC invocations=716 (full 479):
 PSYoungGen      total 229888K, used 206027K [0x00000000eac00000, 0x00000000fa700000, 0x0000000100000000)
  eden space 206336K, 99% used [0x00000000eac00000,0x00000000f7532ff8,0x00000000f7580000)
  from space 23552K, 0% used [0x00000000f7580000,0x00000000f7580000,0x00000000f8c80000)
  to   space 23040K, 0% used [0x00000000f8c80000,0x00000000f8c80000,0x00000000fa300000)
 ParOldGen       total 221184K, used 220579K [0x00000000c0400000, 0x00000000cdc00000, 0x00000000eac00000)
  object space 221184K, 99% used [0x00000000c0400000,0x00000000cdb68e10,0x00000000cdc00000)
 Metaspace       used 13405K, capacity 13642K, committed 13824K, reserved 1060864K
  class space    used 1601K, capacity 1682K, committed 1792K, reserved 1048576K
Event: 844.083 GC heap after
Heap after GC invocations=716 (full 479):
 PSYoungGen      total 229888K, used 0K [0x00000000eac00000, 0x00000000fa700000, 0x0000000100000000)
  eden space 206336K, 0% used [0x00000000eac00000,0x00000000eac00000,0x00000000f7580000)
  from space 23552K, 0% used [0x00000000f7580000,0x00000000f7580000,0x00000000f8c80000)
  to   space 23040K, 0% used [0x00000000f8c80000,0x00000000f8c80000,0x00000000fa300000)
 ParOldGen       total 221184K, used 107463K [0x00000000c0400000, 0x00000000cdc00000, 0x00000000eac00000)
  object space 221184K, 48% used [0x00000000c0400000,0x00000000c6cf1e08,0x00000000cdc00000)
 Metaspace       used 13405K, capacity 13642K, committed 13824K, reserved 1060864K
  class space    used 1601K, capacity 1682K, committed 1792K, reserved 1048576K
}
Event: 844.128 GC heap before
{Heap before GC invocations=717 (full 479):
 PSYoungGen      total 229888K, used 106145K [0x00000000eac00000, 0x00000000fa700000, 0x0000000100000000)
  eden space 206336K, 51% used [0x00000000eac00000,0x00000000f13a85b8,0x00000000f7580000)
  from space 23552K, 0% used [0x00000000f7580000,0x00000000f7580000,0x00000000f8c80000)
  to   space 23040K, 0% used [0x00000000f8c80000,0x00000000f8c80000,0x00000000fa300000)
 ParOldGen       total 221184K, used 107463K [0x00000000c0400000, 0x00000000cdc00000, 0x00000000eac00000)
  object space 221184K, 48% used [0x00000000c0400000,0x00000000c6cf1e08,0x00000000cdc00000)
 Metaspace       used 13405K, capacity 13642K, committed 13824K, reserved 1060864K
  class space    used 1601K, capacity 1682K, committed 1792K, reserved 1048576K
Event: 844.153 GC heap after
Heap after GC invocations=717 (full 479):
 PSYoungGen      total 229888K, used 106145K [0x00000000eac00000, 0x00000000fa700000, 0x0000000100000000)
  eden space 206336K, 51% used [0x00000000eac00000,0x00000000f13a85b8,0x00000000f7580000)
  from space 23552K, 0% used [0x00000000f7580000,0x00000000f7580000,0x00000000f8c80000)
  to   space 23040K, 5% used [0x00000000f8c80000,0x00000000f8dc7cb0,0x00000000fa300000)
 ParOldGen       total 221184K, used 207179K [0x00000000c0400000, 0x00000000cdc00000, 0x00000000eac00000)
  object space 221184K, 93% used [0x00000000c0400000,0x00000000cce52f00,0x00000000cdc00000)
 Metaspace       used 13405K, capacity 13642K, committed 13824K, reserved 1060864K
  class space    used 1601K, capacity 1682K, committed 1792K, reserved 1048576K
}
Event: 844.153 GC heap before
{Heap before GC invocations=718 (full 480):
 PSYoungGen      total 229888K, used 106145K [0x00000000eac00000, 0x00000000fa700000, 0x0000000100000000)
  eden space 206336K, 51% used [0x00000000eac00000,0x00000000f13a85b8,0x00000000f7580000)
  from space 23552K, 0% used [0x00000000f7580000,0x00000000f7580000,0x00000000f8c80000)
  to   space 23040K, 5% used [0x00000000f8c80000,0x00000000f8dc7cb0,0x00000000fa300000)
 ParOldGen       total 221184K, used 207179K [0x00000000c0400000, 0x00000000cdc00000, 0x00000000eac00000)
  object space 221184K, 93% used [0x00000000c0400000,0x00000000cce52f00,0x00000000cdc00000)
 Metaspace       used 13405K, capacity 13642K, committed 13824K, reserved 1060864K
  class space    used 1601K, capacity 1682K, committed 1792K, reserved 1048576K
Event: 844.188 GC heap after
Heap after GC invocations=718 (full 480):
 PSYoungGen      total 229888K, used 0K [0x00000000eac00000, 0x00000000fa700000, 0x0000000100000000)
  eden space 206336K, 0% used [0x00000000eac00000,0x00000000eac00000,0x00000000f7580000)
  from space 23552K, 0% used [0x00000000f7580000,0x00000000f7580000,0x00000000f8c80000)
  to   space 23040K, 0% used [0x00000000f8c80000,0x00000000f8c80000,0x00000000fa300000)
 ParOldGen       total 221184K, used 206739K [0x00000000c0400000, 0x00000000cdc00000, 0x00000000eac00000)
  object space 221184K, 93% used [0x00000000c0400000,0x00000000ccde4f38,0x00000000cdc00000)
 Metaspace       used 13405K, capacity 13642K, committed 13824K, reserved 1060864K
  class space    used 1601K, capacity 1682K, committed 1792K, reserved 1048576K
}
Event: 844.245 GC heap before
{Heap before GC invocations=719 (full 481):
 PSYoungGen      total 229888K, used 202894K [0x00000000eac00000, 0x00000000fa700000, 0x0000000100000000)
  eden space 206336K, 98% used [0x00000000eac00000,0x00000000f7223820,0x00000000f7580000)
  from space 23552K, 0% used [0x00000000f7580000,0x00000000f7580000,0x00000000f8c80000)
  to   space 23040K, 0% used [0x00000000f8c80000,0x00000000f8c80000,0x00000000fa300000)
 ParOldGen       total 221184K, used 206739K [0x00000000c0400000, 0x00000000cdc00000, 0x00000000eac00000)
  object space 221184K, 93% used [0x00000000c0400000,0x00000000ccde4f38,0x00000000cdc00000)
 Metaspace       used 13405K, capacity 13642K, committed 13824K, reserved 1060864K
  class space    used 1601K, capacity 1682K, committed 1792K, reserved 1048576K
Event: 844.260 GC heap after
Heap after GC invocations=719 (full 481):
 PSYoungGen      total 229888K, used 199432K [0x00000000eac00000, 0x00000000fa700000, 0x0000000100000000)
  eden space 206336K, 96% used [0x00000000eac00000,0x00000000f6ec21f8,0x00000000f7580000)
  from space 23552K, 0% used [0x00000000f7580000,0x00000000f7580000,0x00000000f8c80000)
  to   space 23040K, 0% used [0x00000000f8c80000,0x00000000f8c80000,0x00000000fa300000)
 ParOldGen       total 221184K, used 107023K [0x00000000c0400000, 0x00000000cdc00000, 0x00000000eac00000)
  object space 221184K, 48% used [0x00000000c0400000,0x00000000c6c83da8,0x00000000cdc00000)
 Metaspace       used 13405K, capacity 13642K, committed 13824K, reserved 1060864K
  class space    used 1601K, capacity 1682K, committed 1792K, reserved 1048576K
}
Event: 845.792 GC heap before
{Heap before GC invocations=720 (full 482):
 PSYoungGen      total 229888K, used 206336K [0x00000000eac00000, 0x00000000fa700000, 0x0000000100000000)
  eden space 206336K, 100% used [0x00000000eac00000,0x00000000f7580000,0x00000000f7580000)
  from space 23552K, 0% used [0x00000000f7580000,0x00000000f7580000,0x00000000f8c80000)
  to   space 23040K, 0% used [0x00000000f8c80000,0x00000000f8c80000,0x00000000fa300000)
 ParOldGen       total 221184K, used 207611K [0x00000000c0400000, 0x00000000cdc00000, 0x00000000eac00000)
  object space 221184K, 93% used [0x00000000c0400000,0x00000000ccebef98,0x00000000cdc00000)
 Metaspace       used 13405K, capacity 13642K, committed 13824K, reserved 1060864K
  class space    used 1601K, capacity 1682K, committed 1792K, reserved 1048576K
Event: 845.848 GC heap after
Heap after GC invocations=720 (full 482):
 PSYoungGen      total 229888K, used 0K [0x00000000eac00000, 0x00000000fa700000, 0x0000000100000000)
  eden space 206336K, 0% used [0x00000000eac00000,0x00000000eac00000,0x00000000f7580000)
  from space 23552K, 0% used [0x00000000f7580000,0x00000000f7580000,0x00000000f8c80000)
  to   space 23040K, 0% used [0x00000000f8c80000,0x00000000f8c80000,0x00000000fa300000)
 ParOldGen       total 221184K, used 108532K [0x00000000c0400000, 0x00000000cdc00000, 0x00000000eac00000)
  object space 221184K, 49% used [0x00000000c0400000,0x00000000c6dfd388,0x00000000cdc00000)
 Metaspace       used 13405K, capacity 13642K, committed 13824K, reserved 1060864K
  class space    used 1601K, capacity 1682K, committed 1792K, reserved 1048576K
}

